[35m[1mScanning dependencies of target goals_marker[0m
[ 33%] Built target data_points_marker
[ 66%] Built target joints_publisher
[ 83%] [32mBuilding CXX object CMakeFiles/goals_marker.dir/src/goals_marker.cpp.o[0m
[01m[K/home/omron/Omron_LD/src/ld_visualisation/src/goals_marker.cpp:[m[K In function â€˜[01m[Kint main(int, char**)[m[Kâ€™:
[01m[K/home/omron/Omron_LD/src/ld_visualisation/src/goals_marker.cpp:163:20:[m[K [01;31m[Kerror: [m[Kâ€˜[01m[Kstruct om_aiv_msg::srv::ArclListen[m[Kâ€™ has no member named â€˜[01m[Krequest[m[Kâ€™; did you mean â€˜[01m[KRequest[m[Kâ€™?
  163 |     goals_list_req.[01;31m[Krequest[m[K.resp_header = GOAL_RESP_H;
      |                    [01;31m[K^~~~~~~[m[K
      |                    [32m[KRequest[m[K
[01m[K/home/omron/Omron_LD/src/ld_visualisation/src/goals_marker.cpp:164:20:[m[K [01;31m[Kerror: [m[Kâ€˜[01m[Kstruct om_aiv_msg::srv::ArclApi[m[Kâ€™ has no member named â€˜[01m[Krequest[m[Kâ€™; did you mean â€˜[01m[KRequest[m[Kâ€™?
  164 |     goals_info_req.[01;31m[Krequest[m[K.line_identifier = GOALS_LIST_END;
      |                    [01;31m[K^~~~~~~[m[K
      |                    [32m[KRequest[m[K
[01m[K/home/omron/Omron_LD/src/ld_visualisation/src/goals_marker.cpp:169:25:[m[K [01;31m[Kerror: [m[Kâ€˜[01m[Karcl_api_client[m[Kâ€™ was not declared in this scope
  169 |         req_goals_coord([01;31m[Karcl_api_client[m[K, goals_info_req, goals, goals_text, one_goal, one_goal_text);
      |                         [01;31m[K^~~~~~~~~~~~~~~[m[K
[01m[K/home/omron/Omron_LD/src/ld_visualisation/src/goals_marker.cpp:170:27:[m[K [01;35m[Kwarning: [m[Kcomparison of integer expressions of different signedness: â€˜[01m[Kint[m[Kâ€™ and â€˜[01m[Kstd::vector<visualization_msgs::msg::Marker_<std::allocator<void> >, std::allocator<visualization_msgs::msg::Marker_<std::allocator<void> > > >::size_type[m[Kâ€™ {aka â€˜[01m[Klong unsigned int[m[Kâ€™} [[01;35m[K-Wsign-compare[m[K]
  170 |         for (int i = 0; [01;35m[Ki < goals.markers.size()[m[K; i++)
      |                         [01;35m[K~~^~~~~~~~~~~~~~~~~~~~~~[m[K
[01m[K/home/omron/Omron_LD/src/ld_visualisation/src/goals_marker.cpp:175:9:[m[K [01;31m[Kerror: [m[Kâ€˜[01m[Kgoals_pub[m[Kâ€™ was not declared in this scope; did you mean â€˜[01m[Kgoals_id[m[Kâ€™?
  175 |         [01;31m[Kgoals_pub[m[K->publish(goals);
      |         [01;31m[K^~~~~~~~~[m[K
      |         [32m[Kgoals_id[m[K
[01m[K/home/omron/Omron_LD/src/ld_visualisation/src/goals_marker.cpp:[m[K At global scope:
[01m[K/home/omron/Omron_LD/src/ld_visualisation/src/goals_marker.cpp:186:13:[m[K [01;31m[Kerror: [m[Kvariable or field â€˜[01m[Kreq_goals_coord[m[Kâ€™ declared void
  186 |     rclcpp::[01;31m[KServiceClient[m[K& arcl_api_client,
      |             [01;31m[K^~~~~~~~~~~~~[m[K
[01m[K/home/omron/Omron_LD/src/ld_visualisation/src/goals_marker.cpp:186:13:[m[K [01;31m[Kerror: [m[Kâ€˜[01m[KServiceClient[m[Kâ€™ is not a member of â€˜[01m[Krclcpp[m[Kâ€™; did you mean â€˜[01m[KServiceBase[m[Kâ€™?
  186 |     rclcpp::[01;31m[KServiceClient[m[K& arcl_api_client,
      |             [01;31m[K^~~~~~~~~~~~~[m[K
      |             [32m[KServiceBase[m[K
[01m[K/home/omron/Omron_LD/src/ld_visualisation/src/goals_marker.cpp:186:28:[m[K [01;31m[Kerror: [m[Kâ€˜[01m[Karcl_api_client[m[Kâ€™ was not declared in this scope
  186 |     rclcpp::ServiceClient& [01;31m[Karcl_api_client[m[K,
      |                            [01;31m[K^~~~~~~~~~~~~~~[m[K
[01m[K/home/omron/Omron_LD/src/ld_visualisation/src/goals_marker.cpp:187:29:[m[K [01;31m[Kerror: [m[Kexpected primary-expression before â€˜[01m[K&[m[Kâ€™ token
  187 |     om_aiv_msg::srv::ArclApi[01;31m[K&[m[K goals_info_req,
      |                             [01;31m[K^[m[K
[01m[K/home/omron/Omron_LD/src/ld_visualisation/src/goals_marker.cpp:187:31:[m[K [01;31m[Kerror: [m[Kâ€˜[01m[Kgoals_info_req[m[Kâ€™ was not declared in this scope
  187 |     om_aiv_msg::srv::ArclApi& [01;31m[Kgoals_info_req[m[K,
      |                               [01;31m[K^~~~~~~~~~~~~~[m[K
[01m[K/home/omron/Omron_LD/src/ld_visualisation/src/goals_marker.cpp:188:41:[m[K [01;31m[Kerror: [m[Kexpected primary-expression before â€˜[01m[K&[m[Kâ€™ token
  188 |     visualization_msgs::msg::MarkerArray[01;31m[K&[m[K goals,
      |                                         [01;31m[K^[m[K
[01m[K/home/omron/Omron_LD/src/ld_visualisation/src/goals_marker.cpp:188:43:[m[K [01;31m[Kerror: [m[Kâ€˜[01m[Kgoals[m[Kâ€™ was not declared in this scope; did you mean â€˜[01m[Kgoals_id[m[Kâ€™?
  188 |     visualization_msgs::msg::MarkerArray& [01;31m[Kgoals[m[K,
      |                                           [01;31m[K^~~~~[m[K
      |                                           [32m[Kgoals_id[m[K
[01m[K/home/omron/Omron_LD/src/ld_visualisation/src/goals_marker.cpp:189:41:[m[K [01;31m[Kerror: [m[Kexpected primary-expression before â€˜[01m[K&[m[Kâ€™ token
  189 |     visualization_msgs::msg::MarkerArray[01;31m[K&[m[K goals_text,
      |                                         [01;31m[K^[m[K
[01m[K/home/omron/Omron_LD/src/ld_visualisation/src/goals_marker.cpp:189:43:[m[K [01;31m[Kerror: [m[Kâ€˜[01m[Kgoals_text[m[Kâ€™ was not declared in this scope; did you mean â€˜[01m[Kgoals_list[m[Kâ€™?
  189 |     visualization_msgs::msg::MarkerArray& [01;31m[Kgoals_text[m[K,
      |                                           [01;31m[K^~~~~~~~~~[m[K
      |                                           [32m[Kgoals_list[m[K
[01m[K/home/omron/Omron_LD/src/ld_visualisation/src/goals_marker.cpp:190:37:[m[K [01;31m[Kerror: [m[Kexpected primary-expression before â€˜[01m[Kone_goal[m[Kâ€™
  190 |     visualization_msgs::msg::Marker [01;31m[Kone_goal[m[K,
      |                                     [01;31m[K^~~~~~~~[m[K
[01m[K/home/omron/Omron_LD/src/ld_visualisation/src/goals_marker.cpp:191:37:[m[K [01;31m[Kerror: [m[Kexpected primary-expression before â€˜[01m[Kone_goal_text[m[Kâ€™
  191 |     visualization_msgs::msg::Marker [01;31m[Kone_goal_text[m[K)
      |                                     [01;31m[K^~~~~~~~~~~~~[m[K
make[2]: *** [CMakeFiles/goals_marker.dir/build.make:63: CMakeFiles/goals_marker.dir/src/goals_marker.cpp.o] Error 1
make[1]: *** [CMakeFiles/Makefile2:109: CMakeFiles/goals_marker.dir/all] Error 2
make: *** [Makefile:141: all] Error 2
