[01m[K/home/omron/Omron_LD/src/ld_visualisation/src/goals_marker.cpp:58:5:[m[K [01;35m[Kwarning: [m[Kuse of â€˜[01m[Kauto[m[Kâ€™ in parameter declaration only available with â€˜[01m[K-fconcepts[m[Kâ€™
   58 |     [01;35m[Kauto[m[K arcl_api_client,
      |     [01;35m[K^~~~[m[K
[01m[K/home/omron/Omron_LD/src/ld_visualisation/src/goals_marker.cpp:64:46:[m[K [01;31m[Kerror: [m[Kfound â€˜[01m[K:[m[Kâ€™ in nested-name-specifier, expected â€˜[01m[K::[m[Kâ€™
   64 | void all_goals_cb(const std_msgs::msg::String[01;31m[K:[m[KSharedPtr msg);
      |                                              [01;31m[K^[m[K
      |                                              [32m[K::[m[K
[01m[K/home/omron/Omron_LD/src/ld_visualisation/src/goals_marker.cpp:[m[K In function â€˜[01m[Kgeometry_msgs::msg::Quaternion createQuaternionMsgFromYaw(double)[m[Kâ€™:
[01m[K/home/omron/Omron_LD/src/ld_visualisation/src/goals_marker.cpp:69:5:[m[K [01;31m[Kerror: [m[Kâ€˜[01m[Ktf2[m[Kâ€™ has not been declared
   69 |     [01;31m[Ktf2[m[K::Quaternion tfq;
      |     [01;31m[K^~~[m[K
[01m[K/home/omron/Omron_LD/src/ld_visualisation/src/goals_marker.cpp:70:5:[m[K [01;31m[Kerror: [m[Kâ€˜[01m[Ktfq[m[Kâ€™ was not declared in this scope
   70 |     [01;31m[Ktfq[m[K.setRPY(0, 0, yaw);
      |     [01;31m[K^~~[m[K
[01m[K/home/omron/Omron_LD/src/ld_visualisation/src/goals_marker.cpp:[m[K In function â€˜[01m[Kint main(int, char**)[m[Kâ€™:
[01m[K/home/omron/Omron_LD/src/ld_visualisation/src/goals_marker.cpp:162:20:[m[K [01;31m[Kerror: [m[Kâ€˜[01m[Kstruct om_aiv_msg::srv::ArclListen[m[Kâ€™ has no member named â€˜[01m[Krequest[m[Kâ€™; did you mean â€˜[01m[KRequest[m[Kâ€™?
  162 |     goals_list_req.[01;31m[Krequest[m[K.resp_header = GOAL_RESP_H;
      |                    [01;31m[K^~~~~~~[m[K
      |                    [32m[KRequest[m[K
[01m[K/home/omron/Omron_LD/src/ld_visualisation/src/goals_marker.cpp:163:20:[m[K [01;31m[Kerror: [m[Kâ€˜[01m[Kstruct om_aiv_msg::srv::ArclApi[m[Kâ€™ has no member named â€˜[01m[Krequest[m[Kâ€™; did you mean â€˜[01m[KRequest[m[Kâ€™?
  163 |     goals_info_req.[01;31m[Krequest[m[K.line_identifier = GOALS_LIST_END;
      |                    [01;31m[K^~~~~~~[m[K
      |                    [32m[KRequest[m[K
[01m[K/home/omron/Omron_LD/src/ld_visualisation/src/goals_marker.cpp:168:25:[m[K [01;31m[Kerror: [m[Kâ€˜[01m[Karcl_api_client[m[Kâ€™ was not declared in this scope
  168 |         req_goals_coord([01;31m[Karcl_api_client[m[K, goals_info_req, goals, goals_text, one_goal, one_goal_text);
      |                         [01;31m[K^~~~~~~~~~~~~~~[m[K
[01m[K/home/omron/Omron_LD/src/ld_visualisation/src/goals_marker.cpp:169:27:[m[K [01;35m[Kwarning: [m[Kcomparison of integer expressions of different signedness: â€˜[01m[Kint[m[Kâ€™ and â€˜[01m[Kstd::vector<visualization_msgs::msg::Marker_<std::allocator<void> >, std::allocator<visualization_msgs::msg::Marker_<std::allocator<void> > > >::size_type[m[Kâ€™ {aka â€˜[01m[Klong unsigned int[m[Kâ€™} [[01;35m[K-Wsign-compare[m[K]
  169 |         for (int i = 0; [01;35m[Ki < goals.markers.size()[m[K; i++)
      |                         [01;35m[K~~^~~~~~~~~~~~~~~~~~~~~~[m[K
[01m[K/home/omron/Omron_LD/src/ld_visualisation/src/goals_marker.cpp:174:9:[m[K [01;31m[Kerror: [m[Kâ€˜[01m[Kgoals_pub[m[Kâ€™ was not declared in this scope; did you mean â€˜[01m[Kgoals_id[m[Kâ€™?
  174 |         [01;31m[Kgoals_pub[m[K->publish(goals);
      |         [01;31m[K^~~~~~~~~[m[K
      |         [32m[Kgoals_id[m[K
[01m[K/home/omron/Omron_LD/src/ld_visualisation/src/goals_marker.cpp:[m[K At global scope:
[01m[K/home/omron/Omron_LD/src/ld_visualisation/src/goals_marker.cpp:185:13:[m[K [01;31m[Kerror: [m[Kvariable or field â€˜[01m[Kreq_goals_coord[m[Kâ€™ declared void
  185 |     rclcpp::[01;31m[KServiceClient[m[K& arcl_api_client,
      |             [01;31m[K^~~~~~~~~~~~~[m[K
[01m[K/home/omron/Omron_LD/src/ld_visualisation/src/goals_marker.cpp:185:13:[m[K [01;31m[Kerror: [m[Kâ€˜[01m[KServiceClient[m[Kâ€™ is not a member of â€˜[01m[Krclcpp[m[Kâ€™; did you mean â€˜[01m[KServiceBase[m[Kâ€™?
  185 |     rclcpp::[01;31m[KServiceClient[m[K& arcl_api_client,
      |             [01;31m[K^~~~~~~~~~~~~[m[K
      |             [32m[KServiceBase[m[K
[01m[K/home/omron/Omron_LD/src/ld_visualisation/src/goals_marker.cpp:185:28:[m[K [01;31m[Kerror: [m[Kâ€˜[01m[Karcl_api_client[m[Kâ€™ was not declared in this scope
  185 |     rclcpp::ServiceClient& [01;31m[Karcl_api_client[m[K,
      |                            [01;31m[K^~~~~~~~~~~~~~~[m[K
[01m[K/home/omron/Omron_LD/src/ld_visualisation/src/goals_marker.cpp:186:29:[m[K [01;31m[Kerror: [m[Kexpected primary-expression before â€˜[01m[K&[m[Kâ€™ token
  186 |     om_aiv_msg::srv::ArclApi[01;31m[K&[m[K goals_info_req,
      |                             [01;31m[K^[m[K
[01m[K/home/omron/Omron_LD/src/ld_visualisation/src/goals_marker.cpp:186:31:[m[K [01;31m[Kerror: [m[Kâ€˜[01m[Kgoals_info_req[m[Kâ€™ was not declared in this scope
  186 |     om_aiv_msg::srv::ArclApi& [01;31m[Kgoals_info_req[m[K,
      |                               [01;31m[K^~~~~~~~~~~~~~[m[K
[01m[K/home/omron/Omron_LD/src/ld_visualisation/src/goals_marker.cpp:187:41:[m[K [01;31m[Kerror: [m[Kexpected primary-expression before â€˜[01m[K&[m[Kâ€™ token
  187 |     visualization_msgs::msg::MarkerArray[01;31m[K&[m[K goals,
      |                                         [01;31m[K^[m[K
[01m[K/home/omron/Omron_LD/src/ld_visualisation/src/goals_marker.cpp:187:43:[m[K [01;31m[Kerror: [m[Kâ€˜[01m[Kgoals[m[Kâ€™ was not declared in this scope; did you mean â€˜[01m[Kgoals_id[m[Kâ€™?
  187 |     visualization_msgs::msg::MarkerArray& [01;31m[Kgoals[m[K,
      |                                           [01;31m[K^~~~~[m[K
      |                                           [32m[Kgoals_id[m[K
[01m[K/home/omron/Omron_LD/src/ld_visualisation/src/goals_marker.cpp:188:41:[m[K [01;31m[Kerror: [m[Kexpected primary-expression before â€˜[01m[K&[m[Kâ€™ token
  188 |     visualization_msgs::msg::MarkerArray[01;31m[K&[m[K goals_text,
      |                                         [01;31m[K^[m[K
[01m[K/home/omron/Omron_LD/src/ld_visualisation/src/goals_marker.cpp:188:43:[m[K [01;31m[Kerror: [m[Kâ€˜[01m[Kgoals_text[m[Kâ€™ was not declared in this scope; did you mean â€˜[01m[Kgoals_list[m[Kâ€™?
  188 |     visualization_msgs::msg::MarkerArray& [01;31m[Kgoals_text[m[K,
      |                                           [01;31m[K^~~~~~~~~~[m[K
      |                                           [32m[Kgoals_list[m[K
[01m[K/home/omron/Omron_LD/src/ld_visualisation/src/goals_marker.cpp:189:37:[m[K [01;31m[Kerror: [m[Kexpected primary-expression before â€˜[01m[Kone_goal[m[Kâ€™
  189 |     visualization_msgs::msg::Marker [01;31m[Kone_goal[m[K,
      |                                     [01;31m[K^~~~~~~~[m[K
[01m[K/home/omron/Omron_LD/src/ld_visualisation/src/goals_marker.cpp:190:37:[m[K [01;31m[Kerror: [m[Kexpected primary-expression before â€˜[01m[Kone_goal_text[m[Kâ€™
  190 |     visualization_msgs::msg::Marker [01;31m[Kone_goal_text[m[K)
      |                                     [01;31m[K^~~~~~~~~~~~~[m[K
make[2]: *** [CMakeFiles/goals_marker.dir/build.make:63: CMakeFiles/goals_marker.dir/src/goals_marker.cpp.o] Error 1
make[1]: *** [CMakeFiles/Makefile2:109: CMakeFiles/goals_marker.dir/all] Error 2
make: *** [Makefile:141: all] Error 2
