[0.018s] Invoking command in '/home/omron/Omron_LD/build/ld_visualisation': CMAKE_PREFIX_PATH=/home/omron/Omron_LD/install/om_aiv_msg:/home/omron/Omron_LD/install/ld_visualisation:/home/omron/Omron_LD/install/om_aiv_util:/home/omron/Omron_LD/install/om_aiv_navigation:/home/omron/Omron_LD/install/ld_viz:/opt/ros/foxy PYTHONPATH=/home/omron/Omron_LD/install/om_aiv_msg/lib/python3.8/site-packages:/home/omron/Omron_LD/install/om_aiv_util/lib/python3.8/site-packages:/home/omron/Omron_LD/install/om_aiv_navigation/lib/python3.8/site-packages:/home/omron/Omron_LD/install/ld_viz/lib/python3.8/site-packages:/opt/ros/foxy/lib/python3.8/site-packages /usr/bin/cmake --build /home/omron/Omron_LD/build/ld_visualisation -- -j8 -l8
[0.064s] [35m[1mScanning dependencies of target goals_marker[0m
[0.084s] [ 66%] Built target joints_publisher
[0.084s] [ 66%] Built target data_points_marker
[0.095s] [ 83%] [32mBuilding CXX object CMakeFiles/goals_marker.dir/src/goals_marker.cpp.o[0m
[1.294s] [01m[K/home/omron/Omron_LD/src/ld_visualisation/src/goals_marker.cpp:58:5:[m[K [01;35m[Kwarning: [m[Kuse of â€˜[01m[Kauto[m[Kâ€™ in parameter declaration only available with â€˜[01m[K-fconcepts[m[Kâ€™
[1.294s]    58 |     [01;35m[Kauto[m[K arcl_api_client,
[1.294s]       |     [01;35m[K^~~~[m[K
[1.294s] [01m[K/home/omron/Omron_LD/src/ld_visualisation/src/goals_marker.cpp:64:46:[m[K [01;31m[Kerror: [m[Kfound â€˜[01m[K:[m[Kâ€™ in nested-name-specifier, expected â€˜[01m[K::[m[Kâ€™
[1.294s]    64 | void all_goals_cb(const std_msgs::msg::String[01;31m[K:[m[KSharedPtr msg);
[1.295s]       |                                              [01;31m[K^[m[K
[1.295s]       |                                              [32m[K::[m[K
[1.295s] [01m[K/home/omron/Omron_LD/src/ld_visualisation/src/goals_marker.cpp:[m[K In function â€˜[01m[Kgeometry_msgs::msg::Quaternion createQuaternionMsgFromYaw(double)[m[Kâ€™:
[1.295s] [01m[K/home/omron/Omron_LD/src/ld_visualisation/src/goals_marker.cpp:69:5:[m[K [01;31m[Kerror: [m[Kâ€˜[01m[Ktf2[m[Kâ€™ has not been declared
[1.295s]    69 |     [01;31m[Ktf2[m[K::Quaternion tfq;
[1.295s]       |     [01;31m[K^~~[m[K
[1.296s] [01m[K/home/omron/Omron_LD/src/ld_visualisation/src/goals_marker.cpp:70:5:[m[K [01;31m[Kerror: [m[Kâ€˜[01m[Ktfq[m[Kâ€™ was not declared in this scope
[1.296s]    70 |     [01;31m[Ktfq[m[K.setRPY(0, 0, yaw);
[1.296s]       |     [01;31m[K^~~[m[K
[1.325s] [01m[K/home/omron/Omron_LD/src/ld_visualisation/src/goals_marker.cpp:[m[K In function â€˜[01m[Kint main(int, char**)[m[Kâ€™:
[1.325s] [01m[K/home/omron/Omron_LD/src/ld_visualisation/src/goals_marker.cpp:162:20:[m[K [01;31m[Kerror: [m[Kâ€˜[01m[Kstruct om_aiv_msg::srv::ArclListen[m[Kâ€™ has no member named â€˜[01m[Krequest[m[Kâ€™; did you mean â€˜[01m[KRequest[m[Kâ€™?
[1.326s]   162 |     goals_list_req.[01;31m[Krequest[m[K.resp_header = GOAL_RESP_H;
[1.326s]       |                    [01;31m[K^~~~~~~[m[K
[1.326s]       |                    [32m[KRequest[m[K
[1.326s] [01m[K/home/omron/Omron_LD/src/ld_visualisation/src/goals_marker.cpp:163:20:[m[K [01;31m[Kerror: [m[Kâ€˜[01m[Kstruct om_aiv_msg::srv::ArclApi[m[Kâ€™ has no member named â€˜[01m[Krequest[m[Kâ€™; did you mean â€˜[01m[KRequest[m[Kâ€™?
[1.326s]   163 |     goals_info_req.[01;31m[Krequest[m[K.line_identifier = GOALS_LIST_END;
[1.326s]       |                    [01;31m[K^~~~~~~[m[K
[1.326s]       |                    [32m[KRequest[m[K
[1.328s] [01m[K/home/omron/Omron_LD/src/ld_visualisation/src/goals_marker.cpp:168:25:[m[K [01;31m[Kerror: [m[Kâ€˜[01m[Karcl_api_client[m[Kâ€™ was not declared in this scope
[1.329s]   168 |         req_goals_coord([01;31m[Karcl_api_client[m[K, goals_info_req, goals, goals_text, one_goal, one_goal_text);
[1.329s]       |                         [01;31m[K^~~~~~~~~~~~~~~[m[K
[1.329s] [01m[K/home/omron/Omron_LD/src/ld_visualisation/src/goals_marker.cpp:169:27:[m[K [01;35m[Kwarning: [m[Kcomparison of integer expressions of different signedness: â€˜[01m[Kint[m[Kâ€™ and â€˜[01m[Kstd::vector<visualization_msgs::msg::Marker_<std::allocator<void> >, std::allocator<visualization_msgs::msg::Marker_<std::allocator<void> > > >::size_type[m[Kâ€™ {aka â€˜[01m[Klong unsigned int[m[Kâ€™} [[01;35m[K-Wsign-compare[m[K]
[1.329s]   169 |         for (int i = 0; [01;35m[Ki < goals.markers.size()[m[K; i++)
[1.329s]       |                         [01;35m[K~~^~~~~~~~~~~~~~~~~~~~~~[m[K
[1.330s] [01m[K/home/omron/Omron_LD/src/ld_visualisation/src/goals_marker.cpp:174:9:[m[K [01;31m[Kerror: [m[Kâ€˜[01m[Kgoals_pub[m[Kâ€™ was not declared in this scope; did you mean â€˜[01m[Kgoals_id[m[Kâ€™?
[1.331s]   174 |         [01;31m[Kgoals_pub[m[K->publish(goals);
[1.331s]       |         [01;31m[K^~~~~~~~~[m[K
[1.331s]       |         [32m[Kgoals_id[m[K
[1.332s] [01m[K/home/omron/Omron_LD/src/ld_visualisation/src/goals_marker.cpp:[m[K At global scope:
[1.332s] [01m[K/home/omron/Omron_LD/src/ld_visualisation/src/goals_marker.cpp:185:13:[m[K [01;31m[Kerror: [m[Kvariable or field â€˜[01m[Kreq_goals_coord[m[Kâ€™ declared void
[1.332s]   185 |     rclcpp::[01;31m[KServiceClient[m[K& arcl_api_client,
[1.332s]       |             [01;31m[K^~~~~~~~~~~~~[m[K
[1.332s] [01m[K/home/omron/Omron_LD/src/ld_visualisation/src/goals_marker.cpp:185:13:[m[K [01;31m[Kerror: [m[Kâ€˜[01m[KServiceClient[m[Kâ€™ is not a member of â€˜[01m[Krclcpp[m[Kâ€™; did you mean â€˜[01m[KServiceBase[m[Kâ€™?
[1.333s]   185 |     rclcpp::[01;31m[KServiceClient[m[K& arcl_api_client,
[1.333s]       |             [01;31m[K^~~~~~~~~~~~~[m[K
[1.333s]       |             [32m[KServiceBase[m[K
[1.334s] [01m[K/home/omron/Omron_LD/src/ld_visualisation/src/goals_marker.cpp:185:28:[m[K [01;31m[Kerror: [m[Kâ€˜[01m[Karcl_api_client[m[Kâ€™ was not declared in this scope
[1.335s]   185 |     rclcpp::ServiceClient& [01;31m[Karcl_api_client[m[K,
[1.335s]       |                            [01;31m[K^~~~~~~~~~~~~~~[m[K
[1.335s] [01m[K/home/omron/Omron_LD/src/ld_visualisation/src/goals_marker.cpp:186:29:[m[K [01;31m[Kerror: [m[Kexpected primary-expression before â€˜[01m[K&[m[Kâ€™ token
[1.335s]   186 |     om_aiv_msg::srv::ArclApi[01;31m[K&[m[K goals_info_req,
[1.335s]       |                             [01;31m[K^[m[K
[1.337s] [01m[K/home/omron/Omron_LD/src/ld_visualisation/src/goals_marker.cpp:186:31:[m[K [01;31m[Kerror: [m[Kâ€˜[01m[Kgoals_info_req[m[Kâ€™ was not declared in this scope
[1.337s]   186 |     om_aiv_msg::srv::ArclApi& [01;31m[Kgoals_info_req[m[K,
[1.337s]       |                               [01;31m[K^~~~~~~~~~~~~~[m[K
[1.337s] [01m[K/home/omron/Omron_LD/src/ld_visualisation/src/goals_marker.cpp:187:41:[m[K [01;31m[Kerror: [m[Kexpected primary-expression before â€˜[01m[K&[m[Kâ€™ token
[1.337s]   187 |     visualization_msgs::msg::MarkerArray[01;31m[K&[m[K goals,
[1.337s]       |                                         [01;31m[K^[m[K
[1.338s] [01m[K/home/omron/Omron_LD/src/ld_visualisation/src/goals_marker.cpp:187:43:[m[K [01;31m[Kerror: [m[Kâ€˜[01m[Kgoals[m[Kâ€™ was not declared in this scope; did you mean â€˜[01m[Kgoals_id[m[Kâ€™?
[1.338s]   187 |     visualization_msgs::msg::MarkerArray& [01;31m[Kgoals[m[K,
[1.339s]       |                                           [01;31m[K^~~~~[m[K
[1.339s]       |                                           [32m[Kgoals_id[m[K
[1.339s] [01m[K/home/omron/Omron_LD/src/ld_visualisation/src/goals_marker.cpp:188:41:[m[K [01;31m[Kerror: [m[Kexpected primary-expression before â€˜[01m[K&[m[Kâ€™ token
[1.339s]   188 |     visualization_msgs::msg::MarkerArray[01;31m[K&[m[K goals_text,
[1.339s]       |                                         [01;31m[K^[m[K
[1.340s] [01m[K/home/omron/Omron_LD/src/ld_visualisation/src/goals_marker.cpp:188:43:[m[K [01;31m[Kerror: [m[Kâ€˜[01m[Kgoals_text[m[Kâ€™ was not declared in this scope; did you mean â€˜[01m[Kgoals_list[m[Kâ€™?
[1.340s]   188 |     visualization_msgs::msg::MarkerArray& [01;31m[Kgoals_text[m[K,
[1.340s]       |                                           [01;31m[K^~~~~~~~~~[m[K
[1.340s]       |                                           [32m[Kgoals_list[m[K
[1.340s] [01m[K/home/omron/Omron_LD/src/ld_visualisation/src/goals_marker.cpp:189:37:[m[K [01;31m[Kerror: [m[Kexpected primary-expression before â€˜[01m[Kone_goal[m[Kâ€™
[1.341s]   189 |     visualization_msgs::msg::Marker [01;31m[Kone_goal[m[K,
[1.341s]       |                                     [01;31m[K^~~~~~~~[m[K
[1.341s] [01m[K/home/omron/Omron_LD/src/ld_visualisation/src/goals_marker.cpp:190:37:[m[K [01;31m[Kerror: [m[Kexpected primary-expression before â€˜[01m[Kone_goal_text[m[Kâ€™
[1.341s]   190 |     visualization_msgs::msg::Marker [01;31m[Kone_goal_text[m[K)
[1.341s]       |                                     [01;31m[K^~~~~~~~~~~~~[m[K
[2.836s] make[2]: *** [CMakeFiles/goals_marker.dir/build.make:63: CMakeFiles/goals_marker.dir/src/goals_marker.cpp.o] Error 1
[2.836s] make[1]: *** [CMakeFiles/Makefile2:109: CMakeFiles/goals_marker.dir/all] Error 2
[2.836s] make: *** [Makefile:141: all] Error 2
[2.838s] Invoked command in '/home/omron/Omron_LD/build/ld_visualisation' returned '2': CMAKE_PREFIX_PATH=/home/omron/Omron_LD/install/om_aiv_msg:/home/omron/Omron_LD/install/ld_visualisation:/home/omron/Omron_LD/install/om_aiv_util:/home/omron/Omron_LD/install/om_aiv_navigation:/home/omron/Omron_LD/install/ld_viz:/opt/ros/foxy PYTHONPATH=/home/omron/Omron_LD/install/om_aiv_msg/lib/python3.8/site-packages:/home/omron/Omron_LD/install/om_aiv_util/lib/python3.8/site-packages:/home/omron/Omron_LD/install/om_aiv_navigation/lib/python3.8/site-packages:/home/omron/Omron_LD/install/ld_viz/lib/python3.8/site-packages:/opt/ros/foxy/lib/python3.8/site-packages /usr/bin/cmake --build /home/omron/Omron_LD/build/ld_visualisation -- -j8 -l8
