[01m[K/home/omron/Omron_LD/src/ld_visualisation/src/goals_marker.cpp:[m[K In function â€˜[01m[Kint main(int, char**)[m[Kâ€™:
[01m[K/home/omron/Omron_LD/src/ld_visualisation/src/goals_marker.cpp:163:20:[m[K [01;31m[Kerror: [m[Kinvalid use of â€˜[01m[Kusing Request = using ArclListen_Request = struct om_aiv_msg::srv::ArclListen_Request_<std::allocator<void> >[m[Kâ€™
  163 |     goals_list_req.[01;31m[KRequest[m[K.resp_header = GOAL_RESP_H;
      |                    [01;31m[K^~~~~~~[m[K
[01m[K/home/omron/Omron_LD/src/ld_visualisation/src/goals_marker.cpp:164:20:[m[K [01;31m[Kerror: [m[Kinvalid use of â€˜[01m[Kusing Request = using ArclApi_Request = struct om_aiv_msg::srv::ArclApi_Request_<std::allocator<void> >[m[Kâ€™
  164 |     goals_info_req.[01;31m[KRequest[m[K.line_identifier = GOALS_LIST_END;
      |                    [01;31m[K^~~~~~~[m[K
[01m[K/home/omron/Omron_LD/src/ld_visualisation/src/goals_marker.cpp:[m[K In function â€˜[01m[Kvoid req_goals_coord(rclcpp::Client<om_aiv_msg::srv::ArclApi>::SharedPtr&, om_aiv_msg::srv::ArclApi&, visualization_msgs::msg::MarkerArray&, visualization_msgs::msg::MarkerArray&, visualization_msgs::msg::Marker, visualization_msgs::msg::Marker)[m[Kâ€™:
[01m[K/home/omron/Omron_LD/src/ld_visualisation/src/goals_marker.cpp:198:23:[m[K [01;35m[Kwarning: [m[Kcomparison of integer expressions of different signedness: â€˜[01m[Kint[m[Kâ€™ and â€˜[01m[Kstd::vector<std::__cxx11::basic_string<char> >::size_type[m[Kâ€™ {aka â€˜[01m[Klong unsigned int[m[Kâ€™} [[01;35m[K-Wsign-compare[m[K]
  198 |   for (int i = 0; [01;35m[Ki < goals_list.size()[m[K; i++)
      |                   [01;35m[K~~^~~~~~~~~~~~~~~~~~~[m[K

[01m[K/home/omron/Omron_LD/src/ld_visualisation/src/goals_marker.cpp:200:24:[m[K [01;31m[Kerror: [m[Kâ€˜[01m[Kstruct om_aiv_msg::srv::ArclApi[m[Kâ€™ has no member named â€˜[01m[Krequest[m[Kâ€™; did you mean â€˜[01m[KRequest[m[Kâ€™?
  200 |      goals_info_req.[01;31m[Krequest[m[K.command = cmd + goals_list[i];
      |                     [01;31m[K^~~~~~~[m[K
      |                     [32m[KRequest[m[K
[01m[K/home/omron/Omron_LD/src/ld_visualisation/src/goals_marker.cpp:203:29:[m[K [01;31m[Kerror: [m[Kâ€˜[01m[Kusing SharedPtr = class std::shared_ptr<rclcpp::Client<om_aiv_msg::srv::ArclApi> >[m[Kâ€™ {aka â€˜[01m[Kclass std::shared_ptr<rclcpp::Client<om_aiv_msg::srv::ArclApi> >[m[Kâ€™} has no member named â€˜[01m[Kcall[m[Kâ€™
  203 | if (arcl_api_client.[01;31m[Kcall[m[K(goals_info_req))
      |                     [01;31m[K^~~~[m[K

[01m[K/home/omron/Omron_LD/src/ld_visualisation/src/goals_marker.cpp:205:52:[m[K [01;31m[Kerror: [m[Kâ€˜[01m[Kstruct om_aiv_msg::srv::ArclApi[m[Kâ€™ has no member named â€˜[01m[Kresponse[m[Kâ€™; did you mean â€˜[01m[KResponse[m[Kâ€™?
  205 | sp = goals_info_req.[01;31m[Kresponse[m[K.response;
      |                     [01;31m[K^~~~~~~~[m[K
      |                     [32m[KResponse[m[K
[01m[K/home/omron/Omron_LD/src/ld_visualisation/src/goals_marker.cpp:215:61:[m[K [01;31m[Kerror: [m[Kâ€˜[01m[Krclcpp_ERROR[m[Kâ€™ was not declared in this scope
  215 | > x >> y >> theta)) [01;31m[Krclcpp_ERROR[m[K("Error reading goal coordinates");
      |                     [01;31m[K^~~~~~~~~~~~[m[K

In file included from [01m[K/opt/ros/foxy/include/rclcpp/service.hpp:34[m[K,
                 from [01m[K/opt/ros/foxy/include/rclcpp/callback_group.hpp:25[m[K,
                 from [01m[K/opt/ros/foxy/include/rclcpp/any_executable.hpp:20[m[K,
                 from [01m[K/opt/ros/foxy/include/rclcpp/memory_strategy.hpp:24[m[K,
                 from [01m[K/opt/ros/foxy/include/rclcpp/memory_strategies.hpp:18[m[K,
                 from [01m[K/opt/ros/foxy/include/rclcpp/executor_options.hpp:20[m[K,
                 from [01m[K/opt/ros/foxy/include/rclcpp/executor.hpp:33[m[K,
                 from [01m[K/opt/ros/foxy/include/rclcpp/executors/multi_threaded_executor.hpp:25[m[K,
                 from [01m[K/opt/ros/foxy/include/rclcpp/executors.hpp:21[m[K,
                 from [01m[K/opt/ros/foxy/include/rclcpp/rclcpp.hpp:146[m[K,
                 from [01m[K/home/omron/Omron_LD/src/ld_visualisation/src/goals_marker.cpp:1[m[K:
[01m[K/home/omron/Omron_LD/src/ld_visualisation/src/goals_marker.cpp:235:13:[m[K [01;31m[Kerror: [m[Kstatic assertion failed: First argument to logging macros must be an rclcpp::Logger
  235 |             [01;31m[KRCLCPP_ERROR[m[K(" Failed to call %s service for goal info.", API_SRV_NAME.c_str());
      |             [01;31m[K^~~~~~~~~~~~[m[K
In file included from [01m[K/opt/ros/foxy/include/rclcpp/client.hpp:40[m[K,
                 from [01m[K/opt/ros/foxy/include/rclcpp/callback_group.hpp:23[m[K,
                 from [01m[K/opt/ros/foxy/include/rclcpp/any_executable.hpp:20[m[K,
                 from [01m[K/opt/ros/foxy/include/rclcpp/memory_strategy.hpp:24[m[K,
                 from [01m[K/opt/ros/foxy/include/rclcpp/memory_strategies.hpp:18[m[K,
                 from [01m[K/opt/ros/foxy/include/rclcpp/executor_options.hpp:20[m[K,
                 from [01m[K/opt/ros/foxy/include/rclcpp/executor.hpp:33[m[K,
                 from [01m[K/opt/ros/foxy/include/rclcpp/executors/multi_threaded_executor.hpp:25[m[K,
                 from [01m[K/opt/ros/foxy/include/rclcpp/executors.hpp:21[m[K,
                 from [01m[K/opt/ros/foxy/include/rclcpp/rclcpp.hpp:146[m[K,
                 from [01m[K/home/omron/Omron_LD/src/ld_visualisation/src/goals_marker.cpp:1[m[K:
[01m[K/home/omron/Omron_LD/src/ld_visualisation/src/goals_marker.cpp:235:13:[m[K [01;31m[Kerror: [m[Krequest for member â€˜[01m[Kget_name[m[Kâ€™ in â€˜[01m[K" Failed to call %s service for goal info."[m[Kâ€™, which is of non-class type â€˜[01m[Kconst char [42][m[Kâ€™
  235 |             [01;31m[KRCLCPP_ERROR[m[K(" Failed to call %s service for goal info.", API_SRV_NAME.c_str());
      |             [01;31m[K^~~~~~~~~~~~[m[K
[01m[K/home/omron/Omron_LD/src/ld_visualisation/src/goals_marker.cpp:235:13:[m[K [01;31m[Kerror: [m[Krequest for member â€˜[01m[Kget_name[m[Kâ€™ in â€˜[01m[K" Failed to call %s service for goal info."[m[Kâ€™, which is of non-class type â€˜[01m[Kconst char [42][m[Kâ€™
  235 |             [01;31m[KRCLCPP_ERROR[m[K(" Failed to call %s service for goal info.", API_SRV_NAME.c_str());
      |             [01;31m[K^~~~~~~~~~~~[m[K
make[2]: *** [CMakeFiles/goals_marker.dir/build.make:63: CMakeFiles/goals_marker.dir/src/goals_marker.cpp.o] Error 1
make[1]: *** [CMakeFiles/Makefile2:109: CMakeFiles/goals_marker.dir/all] Error 2
make: *** [Makefile:141: all] Error 2
