[0.016s] Invoking command in '/home/omron/Omron_LD/build/ld_visualisation': CMAKE_PREFIX_PATH=/home/omron/Omron_LD/install/om_aiv_msg:/home/omron/Omron_LD/install/ld_visualisation:/home/omron/Omron_LD/install/om_aiv_util:/home/omron/Omron_LD/install/om_aiv_navigation:/home/omron/Omron_LD/install/ld_viz:/opt/ros/foxy PYTHONPATH=/home/omron/Omron_LD/install/om_aiv_msg/lib/python3.8/site-packages:/home/omron/Omron_LD/install/om_aiv_util/lib/python3.8/site-packages:/home/omron/Omron_LD/install/om_aiv_navigation/lib/python3.8/site-packages:/home/omron/Omron_LD/install/ld_viz/lib/python3.8/site-packages:/opt/ros/foxy/lib/python3.8/site-packages /usr/bin/cmake --build /home/omron/Omron_LD/build/ld_visualisation -- -j8 -l8
[0.062s] [35m[1mScanning dependencies of target goals_marker[0m
[0.082s] [ 66%] Built target data_points_marker
[0.082s] [ 66%] Built target joints_publisher
[0.098s] [ 83%] [32mBuilding CXX object CMakeFiles/goals_marker.dir/src/goals_marker.cpp.o[0m
[1.334s] [01m[K/home/omron/Omron_LD/src/ld_visualisation/src/goals_marker.cpp:[m[K In function â€˜[01m[Kint main(int, char**)[m[Kâ€™:
[1.335s] [01m[K/home/omron/Omron_LD/src/ld_visualisation/src/goals_marker.cpp:163:20:[m[K [01;31m[Kerror: [m[Kinvalid use of â€˜[01m[Kusing Request = using ArclListen_Request = struct om_aiv_msg::srv::ArclListen_Request_<std::allocator<void> >[m[Kâ€™
[1.335s]   163 |     goals_list_req.[01;31m[KRequest[m[K.resp_header = GOAL_RESP_H;
[1.335s]       |                    [01;31m[K^~~~~~~[m[K
[1.335s] [01m[K/home/omron/Omron_LD/src/ld_visualisation/src/goals_marker.cpp:164:20:[m[K [01;31m[Kerror: [m[Kinvalid use of â€˜[01m[Kusing Request = using ArclApi_Request = struct om_aiv_msg::srv::ArclApi_Request_<std::allocator<void> >[m[Kâ€™
[1.335s]   164 |     goals_info_req.[01;31m[KRequest[m[K.line_identifier = GOALS_LIST_END;
[1.335s]       |                    [01;31m[K^~~~~~~[m[K
[1.345s] [01m[K/home/omron/Omron_LD/src/ld_visualisation/src/goals_marker.cpp:[m[K In function â€˜[01m[Kvoid req_goals_coord(rclcpp::Client<om_aiv_msg::srv::ArclApi>::SharedPtr&, om_aiv_msg::srv::ArclApi&, visualization_msgs::msg::MarkerArray&, visualization_msgs::msg::MarkerArray&, visualization_msgs::msg::Marker, visualization_msgs::msg::Marker)[m[Kâ€™:
[1.346s] [01m[K/home/omron/Omron_LD/src/ld_visualisation/src/goals_marker.cpp:198:23:[m[K [01;35m[Kwarning: [m[Kcomparison of integer expressions of different signedness: â€˜[01m[Kint[m[Kâ€™ and â€˜[01m[Kstd::vector<std::__cxx11::basic_string<char> >::size_type[m[Kâ€™ {aka â€˜[01m[Klong unsigned int[m[Kâ€™} [[01;35m[K-Wsign-compare[m[K]
[1.346s]   198 |   for (int i = 0; [01;35m[Ki < goals_list.size()[m[K; i++)
[1.346s]       |                   [01;35m[K~~^~~~~~~~~~~~~~~~~~~[m[K
[1.346s] 
[1.346s] [01m[K/home/omron/Omron_LD/src/ld_visualisation/src/goals_marker.cpp:200:24:[m[K [01;31m[Kerror: [m[Kâ€˜[01m[Kstruct om_aiv_msg::srv::ArclApi[m[Kâ€™ has no member named â€˜[01m[Krequest[m[Kâ€™; did you mean â€˜[01m[KRequest[m[Kâ€™?
[1.346s]   200 |      goals_info_req.[01;31m[Krequest[m[K.command = cmd + goals_list[i];
[1.346s]       |                     [01;31m[K^~~~~~~[m[K
[1.346s]       |                     [32m[KRequest[m[K
[1.347s] [01m[K/home/omron/Omron_LD/src/ld_visualisation/src/goals_marker.cpp:203:29:[m[K [01;31m[Kerror: [m[Kâ€˜[01m[Kusing SharedPtr = class std::shared_ptr<rclcpp::Client<om_aiv_msg::srv::ArclApi> >[m[Kâ€™ {aka â€˜[01m[Kclass std::shared_ptr<rclcpp::Client<om_aiv_msg::srv::ArclApi> >[m[Kâ€™} has no member named â€˜[01m[Kcall[m[Kâ€™
[1.347s]   203 | if (arcl_api_client.[01;31m[Kcall[m[K(goals_info_req))
[1.347s]       |                     [01;31m[K^~~~[m[K
[1.347s] 
[1.347s] [01m[K/home/omron/Omron_LD/src/ld_visualisation/src/goals_marker.cpp:205:52:[m[K [01;31m[Kerror: [m[Kâ€˜[01m[Kstruct om_aiv_msg::srv::ArclApi[m[Kâ€™ has no member named â€˜[01m[Kresponse[m[Kâ€™; did you mean â€˜[01m[KResponse[m[Kâ€™?
[1.347s]   205 | sp = goals_info_req.[01;31m[Kresponse[m[K.response;
[1.347s]       |                     [01;31m[K^~~~~~~~[m[K
[1.348s]       |                     [32m[KResponse[m[K
[1.349s] [01m[K/home/omron/Omron_LD/src/ld_visualisation/src/goals_marker.cpp:215:61:[m[K [01;31m[Kerror: [m[Kâ€˜[01m[Krclcpp_ERROR[m[Kâ€™ was not declared in this scope
[1.349s]   215 | > x >> y >> theta)) [01;31m[Krclcpp_ERROR[m[K("Error reading goal coordinates");
[1.350s]       |                     [01;31m[K^~~~~~~~~~~~[m[K
[1.350s] 
[1.350s] In file included from [01m[K/opt/ros/foxy/include/rclcpp/service.hpp:34[m[K,
[1.350s]                  from [01m[K/opt/ros/foxy/include/rclcpp/callback_group.hpp:25[m[K,
[1.350s]                  from [01m[K/opt/ros/foxy/include/rclcpp/any_executable.hpp:20[m[K,
[1.350s]                  from [01m[K/opt/ros/foxy/include/rclcpp/memory_strategy.hpp:24[m[K,
[1.351s]                  from [01m[K/opt/ros/foxy/include/rclcpp/memory_strategies.hpp:18[m[K,
[1.351s]                  from [01m[K/opt/ros/foxy/include/rclcpp/executor_options.hpp:20[m[K,
[1.351s]                  from [01m[K/opt/ros/foxy/include/rclcpp/executor.hpp:33[m[K,
[1.351s]                  from [01m[K/opt/ros/foxy/include/rclcpp/executors/multi_threaded_executor.hpp:25[m[K,
[1.351s]                  from [01m[K/opt/ros/foxy/include/rclcpp/executors.hpp:21[m[K,
[1.351s]                  from [01m[K/opt/ros/foxy/include/rclcpp/rclcpp.hpp:146[m[K,
[1.351s]                  from [01m[K/home/omron/Omron_LD/src/ld_visualisation/src/goals_marker.cpp:1[m[K:
[1.351s] [01m[K/home/omron/Omron_LD/src/ld_visualisation/src/goals_marker.cpp:235:13:[m[K [01;31m[Kerror: [m[Kstatic assertion failed: First argument to logging macros must be an rclcpp::Logger
[1.352s]   235 |             [01;31m[KRCLCPP_ERROR[m[K(" Failed to call %s service for goal info.", API_SRV_NAME.c_str());
[1.352s]       |             [01;31m[K^~~~~~~~~~~~[m[K
[1.352s] In file included from [01m[K/opt/ros/foxy/include/rclcpp/client.hpp:40[m[K,
[1.352s]                  from [01m[K/opt/ros/foxy/include/rclcpp/callback_group.hpp:23[m[K,
[1.352s]                  from [01m[K/opt/ros/foxy/include/rclcpp/any_executable.hpp:20[m[K,
[1.352s]                  from [01m[K/opt/ros/foxy/include/rclcpp/memory_strategy.hpp:24[m[K,
[1.352s]                  from [01m[K/opt/ros/foxy/include/rclcpp/memory_strategies.hpp:18[m[K,
[1.352s]                  from [01m[K/opt/ros/foxy/include/rclcpp/executor_options.hpp:20[m[K,
[1.353s]                  from [01m[K/opt/ros/foxy/include/rclcpp/executor.hpp:33[m[K,
[1.353s]                  from [01m[K/opt/ros/foxy/include/rclcpp/executors/multi_threaded_executor.hpp:25[m[K,
[1.353s]                  from [01m[K/opt/ros/foxy/include/rclcpp/executors.hpp:21[m[K,
[1.353s]                  from [01m[K/opt/ros/foxy/include/rclcpp/rclcpp.hpp:146[m[K,
[1.353s]                  from [01m[K/home/omron/Omron_LD/src/ld_visualisation/src/goals_marker.cpp:1[m[K:
[1.353s] [01m[K/home/omron/Omron_LD/src/ld_visualisation/src/goals_marker.cpp:235:13:[m[K [01;31m[Kerror: [m[Krequest for member â€˜[01m[Kget_name[m[Kâ€™ in â€˜[01m[K" Failed to call %s service for goal info."[m[Kâ€™, which is of non-class type â€˜[01m[Kconst char [42][m[Kâ€™
[1.353s]   235 |             [01;31m[KRCLCPP_ERROR[m[K(" Failed to call %s service for goal info.", API_SRV_NAME.c_str());
[1.353s]       |             [01;31m[K^~~~~~~~~~~~[m[K
[1.354s] [01m[K/home/omron/Omron_LD/src/ld_visualisation/src/goals_marker.cpp:235:13:[m[K [01;31m[Kerror: [m[Krequest for member â€˜[01m[Kget_name[m[Kâ€™ in â€˜[01m[K" Failed to call %s service for goal info."[m[Kâ€™, which is of non-class type â€˜[01m[Kconst char [42][m[Kâ€™
[1.354s]   235 |             [01;31m[KRCLCPP_ERROR[m[K(" Failed to call %s service for goal info.", API_SRV_NAME.c_str());
[1.354s]       |             [01;31m[K^~~~~~~~~~~~[m[K
[2.836s] make[2]: *** [CMakeFiles/goals_marker.dir/build.make:63: CMakeFiles/goals_marker.dir/src/goals_marker.cpp.o] Error 1
[2.836s] make[1]: *** [CMakeFiles/Makefile2:109: CMakeFiles/goals_marker.dir/all] Error 2
[2.836s] make: *** [Makefile:141: all] Error 2
[2.840s] Invoked command in '/home/omron/Omron_LD/build/ld_visualisation' returned '2': CMAKE_PREFIX_PATH=/home/omron/Omron_LD/install/om_aiv_msg:/home/omron/Omron_LD/install/ld_visualisation:/home/omron/Omron_LD/install/om_aiv_util:/home/omron/Omron_LD/install/om_aiv_navigation:/home/omron/Omron_LD/install/ld_viz:/opt/ros/foxy PYTHONPATH=/home/omron/Omron_LD/install/om_aiv_msg/lib/python3.8/site-packages:/home/omron/Omron_LD/install/om_aiv_util/lib/python3.8/site-packages:/home/omron/Omron_LD/install/om_aiv_navigation/lib/python3.8/site-packages:/home/omron/Omron_LD/install/ld_viz/lib/python3.8/site-packages:/opt/ros/foxy/lib/python3.8/site-packages /usr/bin/cmake --build /home/omron/Omron_LD/build/ld_visualisation -- -j8 -l8
